<?xml version="1.0" encoding="UTF-8"?>
<!-- Generated by org.testng.reporters.JUnitReportReporter -->
<testsuite hostname="LAPTOP-O0MMQ8B3" failures="0" tests="1" name="ecommerceTesting.HomeMenuTest" time="0.017" errors="0" timestamp="2021-11-13T19:38:29 IST" skipped="0">
  <testcase classname="ecommerceTesting.HomeMenuTest" name="HomeMenu" time="0.017"/>
  <system-out/>
</testsuite> <!-- ecommerceTesting.HomeMenuTest -->
