<?xml version="1.0" encoding="UTF-8"?>
<!-- Generated by org.testng.reporters.JUnitReportReporter -->
<testsuite hostname="LAPTOP-O0MMQ8B3" failures="0" tests="1" name="testRunners.TestClass" time="0.009" errors="0" timestamp="2021-10-01T18:06:47 IST" skipped="0">
  <testcase classname="testRunners.TestClass" name="AFirst" time="0.009"/>
  <system-out/>
</testsuite> <!-- testRunners.TestClass -->
